[www.hunteryeany.com/index.html]
[backblue.gif]
[fade.gif]
[index.html]
[uploads-ssl.webflow.com/6283c236475ca51c143da7f1/css/hunteryeanyf3.webflow.def503e9b.min.css]
[uploads-ssl.webflow.com/6283c236475ca51c143da7f1/6283c236475ca5b5cb3da838_favicon.png]
[uploads-ssl.webflow.com/6283c236475ca51c143da7f1/6283c236475ca5b6d43da839_favicon-1.png]
[s3-us-west-2.amazonaws.com/s.cdpn.io/1295275/background-noise.png]
[uploads-ssl.webflow.com/6283c236475ca51c143da7f1/6283c236475ca581c03da84c_Logotype-white.svg]
[www.hunteryeany.com/partners.html]
[www.hunteryeany.com/about.html]
[uploads-ssl.webflow.com/6283c236475ca51c143da7f1/6283c236475ca53ded3da84b_no-quarter.svg]
[uploads-ssl.webflow.com/6283c236475ca51c143da7f1/6283c236475ca539e43da873_Hunter-Yeany.svg]
[uploads-ssl.webflow.com/6283c236475ca51c143da7f1/6283c236475ca56db53da86a_Hunter-Yeany-World-Champion.jpg]
[uploads-ssl.webflow.com/6283c236475ca51c143da7f1/6283c236475ca5b19b3da884_Hunter-Yeany-car.webp]
[uploads-ssl.webflow.com/6283c236475ca51c143da7f1/6283c236475ca578943da882_Hunter-Yeany (1).webp]
[uploads-ssl.webflow.com/6283c236475ca51c143da7f1/6283c236475ca5a0b33da883_Hunter-Yeany-top.webp]
[uploads-ssl.webflow.com/6283c236475ca51c143da7f1/6283c236475ca5ffa03da86c_Hunter-Yeany-Skate.webp]
[uploads-ssl.webflow.com/6283c236475ca51c143da7f1/6283c236475ca550ba3da874_hunter-bio.jpg]
[uploads-ssl.webflow.com/6283c236475ca51c143da7f1/6283c236475ca572403da885_Round_6_Budapest_1.jpg]
[uploads-ssl.webflow.com/6283c236475ca51c143da7f1/6283c236475ca5e5013da887_Round_6_Budapest_1.jpg]
[uploads-ssl.webflow.com/6283c236475ca51c143da7f1/62caa21ba33caa0243aad1a9_Round_7_SPA_1.jpg]
[uploads-ssl.webflow.com/6283c236475ca51c143da7f1/62caa21dd36ebc8807f321ae_Round_8_Zandvoort_1.jpg]
[uploads-ssl.webflow.com/6283c236475ca51c143da7f1/62caa220e45b2dfa48a85695_Round_9_Monza_1.jpg]
[uploads-ssl.webflow.com/6283c236475ca51fdf3da7f0/62fa503ddac39536baed65f5_hunter-yeany.jpg]
[uploads-ssl.webflow.com/6283c236475ca51fdf3da7f0/62ca9350ca69f33b19a46e9b_hunter-yeany-bahrain.jpg]
[uploads-ssl.webflow.com/6283c236475ca51fdf3da7f0/63179f12492be32c21cabc47_BAR_GP_SR-5777.webp]
[www.hunteryeany.com/blog/hunter-yeany-ambition-is-forever.html]
[uploads-ssl.webflow.com/6283c236475ca51fdf3da7f0/62d66a98b4ae5b70ce428d3f_hunter-yeany-navy-seal-foundation.jpg]
[uploads-ssl.webflow.com/6283c236475ca51fdf3da7f0/62d669b67db7944362120bd2_hunter-yeany-formula-driver.jpg]
[uploads-ssl.webflow.com/6283c236475ca51c143da7f1/6283c236475ca575c23da87f_t-shirt-black.jpg]
[uploads-ssl.webflow.com/6283c236475ca51c143da7f1/631a073a77613428ca26ac44_image3_720x.webp]
[uploads-ssl.webflow.com/6283c236475ca51c143da7f1/631a07dd57f95a116caef17a_image4_720x.webp]
[uploads-ssl.webflow.com/6283c236475ca51c143da7f1/631a0816e59e713d06748516_image5_720x.webp]
[uploads-ssl.webflow.com/6283c236475ca51c143da7f1/631a0842e59e71663d748601_image6_720x.webp]
[uploads-ssl.webflow.com/6283c236475ca51c143da7f1/631a087f35d8456ab7ea4871_image0_1_720x.webp]
[uploads-ssl.webflow.com/6283c236475ca51c143da7f1/631a08b41c0c1cfe5dbb8cd7_image2_1_720x.webp]
[uploads-ssl.webflow.com/6283c236475ca51c143da7f1/6283c236475ca5ce413da87e_t-shirt-white.jpg]
[uploads-ssl.webflow.com/6283c236475ca51c143da7f1/6283c236475ca53f603da87d_t-shirt-white-back.jpg]
[uploads-ssl.webflow.com/6283c236475ca51c143da7f1/6283c236475ca5fe593da87c_t-shirt-black-back.jpg]
[static.elfsight.com/platform/platform.js]
[uploads-ssl.webflow.com/6283c236475ca51c143da7f1/6283c236475ca554273da853_big-flag-lines.svg]
[uploads-ssl.webflow.com/6283c236475ca51c143da7f1/6283c236475ca54fcd3da83d_lightning-flag.svg]
[uploads-ssl.webflow.com/6283c236475ca51c143da7f1/6283c236475ca5418b3da820_Hunter-Yeany.png]
[d3e54v103j8qbb.cloudfront.net/js/jquery-3.5.1.min.dc5e7f18c8946c.js]
[uploads-ssl.webflow.com/6283c236475ca51c143da7f1/js/webflow.e2707066e.js]
[www.hunteryeany.com/index.html]
[uploads-ssl.webflow.com/6283c236475ca51fdf3da7f0/62beca63721cef49d7266bf5_Logo White.svg]
[uploads-ssl.webflow.com/6283c236475ca51fdf3da7f0/629dae7e9384110488e1dbb3_NSF_PARTNER_Badge_Color (1).png]
[uploads-ssl.webflow.com/6283c236475ca51fdf3da7f0/6283c236475ca5d2543da895_VRD.png]
[www.hunteryeany.com/sponsors/gary-catt-and-harry-soden.html]
[uploads-ssl.webflow.com/6283c236475ca51fdf3da7f0/6283c236475ca5605b3da88c_infinity-logo.png]
[uploads-ssl.webflow.com/6283c236475ca51fdf3da7f0/6283c236475ca5196a3da88b_cardomax.png]
[uploads-ssl.webflow.com/6283c236475ca51fdf3da7f0/6283c236475ca560583da88a_dfnd.png]
[uploads-ssl.webflow.com/6283c236475ca51fdf3da7f0/6283c236475ca535383da87a_VHP.png]
[uploads-ssl.webflow.com/6283c236475ca51fdf3da7f0/6283c236475ca5ef6c3da868_30secOut.png]
[www.hunteryeany.com/partners.html]
[cdn.jsdelivr.net/npm/@finsweet/attributes-cmsslider@1/cmsslider.js]
[uploads-ssl.webflow.com/6283c236475ca51c143da7f1/6283c236475ca50b333da844_long-frame.svg]
[uploads-ssl.webflow.com/6283c236475ca51c143da7f1/6283c236475ca511223da847_start-position.jpg]
[uploads-ssl.webflow.com/6283c236475ca51c143da7f1/6283c236475ca5a28a3da850_circular-text-black.svg]
[uploads-ssl.webflow.com/6283c236475ca51c143da7f1/6283c236475ca51fa33da842_Hunter-with-engineers.jpg]
[uploads-ssl.webflow.com/6283c236475ca51c143da7f1/6283c236475ca589c53da851_no-quarter-flag.svg]
[uploads-ssl.webflow.com/6283c236475ca51c143da7f1/6283c236475ca511563da83b_hunter-yeany-flag.svg]
[uploads-ssl.webflow.com/6283c236475ca51c143da7f1/6283c236475ca51e333da840_Hunter-Helmet.jpg]
[uploads-ssl.webflow.com/6283c236475ca51c143da7f1/6283c236475ca539aa3da852_team-placeholder.webp]
[uploads-ssl.webflow.com/6283c236475ca51fdf3da7f0/6283c236475ca54dde3da89a_Hunter-Yeany-Portrait.jpg]
[uploads-ssl.webflow.com/6283c236475ca51fdf3da7f0/6283c236475ca5436b3da892_Rob Yeany -Team Page.jpg]
[uploads-ssl.webflow.com/6283c236475ca51fdf3da7f0/6283c236475ca539583da894_VRD Dan Mitchell Partner Page.jpg]
[uploads-ssl.webflow.com/6283c236475ca51fdf3da7f0/6283c236475ca582663da893_rachael.jpg]
[uploads-ssl.webflow.com/6283c236475ca51fdf3da7f0/6283c236475ca59a233da864_infinity-sponsor-image.jpg]
[uploads-ssl.webflow.com/6283c236475ca51fdf3da7f0/6283c236475ca51bff3da891_ADRIAN CAMPOS JR-CR-TEAM PAGE.jpg]
[uploads-ssl.webflow.com/6283c236475ca51fdf3da7f0/6283c236475ca5a3d73da897_Danny-Foley.jpg]
[uploads-ssl.webflow.com/6283c236475ca51fdf3da7f0/6283c236475ca582e63da89b_frankie.jpg]
[uploads-ssl.webflow.com/6283c236475ca51fdf3da7f0/6283c236475ca5158e3da896_ethan.jpg]
[uploads-ssl.webflow.com/6283c236475ca51fdf3da7f0/6283c236475ca5124b3da863_Julian_e.jpg]
[uploads-ssl.webflow.com/6283c236475ca51c143da7f1/6283c236475ca5949f3da872_NQ-Flag.svg]
[www.hunteryeany.com/about.html]
[uploads-ssl.webflow.com/6283c236475ca51fdf3da7f0/62d6671a3f931610b62f8be7_Hunter_Yeany_Ambition_is_Forever_NLA_6210_Black_ (1).png]
[www.hunteryeany.com/blog/hunter-yeany-ambition-is-forever.html]
[uploads-ssl.webflow.com/6283c236475ca51c143da7f1/6283c236475ca56e483da86f_tiktok.svg]
[www.hunteryeany.com/sponsors/gary-catt-and-harry-soden.html]
[uploads-ssl.webflow.com/6283c236475ca51fdf3da7f0/6283c236475ca5a4953da88d_infinity-sponsor-image.jpg]
[www.hunteryeany.com/press]
[www.hunteryeany.com/contact]
[www.hunteryeany.com/_https_/uploads-ssl.webflow.com/61811b642de00f6428d35d98/6206988479c1487d55a2bd46_HY-Video-poster-00001.jpg_]
[www.hunteryeany.com/blog/hunter-yeany-returns-to-fiaf3-championship-at-monza]
[www.hunteryeany.com/blog/wilhelmina-represent-hunter-yeany]
[www.hunteryeany.com/terms]
[www.hunteryeany.com/privacy]
[www.hunteryeany.com/sponsors/ray-lata]
[www.hunteryeany.com/sponsors/navy-seal-foundation.html]
[www.hunteryeany.com/sponsors/dan-mitchell]
[www.hunteryeany.com/sponsors/sean-matson]
[www.hunteryeany.com/sponsors/steve-burnett]
[www.hunteryeany.com/sponsors/alex-ollie-oliver]
[www.hunteryeany.com/sponsors/sean-evan-evangelista]
[uploads-ssl.webflow.com/6283c236475ca51c143da7f1/6283c236475ca55c773da84d_noquarter-bg.svg]
[d3e54v103j8qbb.cloudfront.net/img/background-image.svg]
[uploads-ssl.webflow.com/6283c236475ca51c143da7f1/6283c236475ca5dcdf3da83a_circular-lightning.svg]
[uploads-ssl.webflow.com/6283c236475ca51c143da7f1/6283c236475ca55c6c3da841_hunter-yeany-front.jpg]
[static.elfsight.com/platform/platform.js]
[uploads-ssl.webflow.com/6283c236475ca51c143da7f1/6283c236475ca529d63da84a_Hunter-Yeany-Circuit.jpg]
[uploads-ssl.webflow.com/6283c236475ca51c143da7f1/css/hunteryeanyf3.webflow.def503e9b.min.css]
[d3e54v103j8qbb.cloudfront.net/js/jquery-3.5.1.min.dc5e7f18c8946c.js]
[uploads-ssl.webflow.com/6283c236475ca51c143da7f1/6283c236475ca577223da83e_Logo-Mark-Red.svg]
[uploads-ssl.webflow.com/6283c236475ca51c143da7f1/6283c236475ca581c03da84c_Logotype-white.svg]
[uploads-ssl.webflow.com/6283c236475ca51c143da7f1/6283c236475ca5b39d3da849_scroll-arrow.svg]
[uploads-ssl.webflow.com/6283c236475ca51c143da7f1/6283c236475ca57c3f3da846_red-lightning.svg]
[uploads-ssl.webflow.com/6283c236475ca51c143da7f1/6283c236475ca53ded3da84b_no-quarter.svg]
[uploads-ssl.webflow.com/6283c236475ca51c143da7f1/6283c236475ca519083da821_red-frame.svg]
[uploads-ssl.webflow.com/6283c236475ca51c143da7f1/6283c236475ca539e43da873_Hunter-Yeany.svg]
[uploads-ssl.webflow.com/6283c236475ca51c143da7f1/6283c236475ca5734a3da854_big-flag-mark.svg]
[uploads-ssl.webflow.com/6283c236475ca51c143da7f1/6283c236475ca5c76b3da83f_logo-flag.svg]
[uploads-ssl.webflow.com/6283c236475ca51c143da7f1/6283c236475ca554273da853_big-flag-lines.svg]
[uploads-ssl.webflow.com/6283c236475ca51c143da7f1/6283c236475ca54fcd3da83d_lightning-flag.svg]
[uploads-ssl.webflow.com/6283c236475ca51fdf3da7f0/62beca63721cef49d7266bf5_Logo White.svg]
[uploads-ssl.webflow.com/6283c236475ca51c143da7f1/631a073a77613428ca26ac44_image3_720x.webp]
[uploads-ssl.webflow.com/6283c236475ca51c143da7f1/6283c236475ca50b333da844_long-frame.svg]
[uploads-ssl.webflow.com/6283c236475ca51c143da7f1/6283c236475ca5a28a3da850_circular-text-black.svg]
[uploads-ssl.webflow.com/6283c236475ca51c143da7f1/6283c236475ca589c53da851_no-quarter-flag.svg]
[uploads-ssl.webflow.com/6283c236475ca51c143da7f1/6283c236475ca511563da83b_hunter-yeany-flag.svg]
[uploads-ssl.webflow.com/6283c236475ca51c143da7f1/6283c236475ca5949f3da872_NQ-Flag.svg]
[uploads-ssl.webflow.com/plugins/Basic/assets/placeholder.60f9b1840c.svg]
[uploads-ssl.webflow.com/6283c236475ca51c143da7f1/6283c236475ca553323da86d_facebook.svg]
[uploads-ssl.webflow.com/6283c236475ca51c143da7f1/6283c236475ca5e5003da86e_instagram.svg]
[uploads-ssl.webflow.com/6283c236475ca51c143da7f1/6283c236475ca56e483da86f_tiktok.svg]
[uploads-ssl.webflow.com/6283c236475ca51c143da7f1/6283c236475ca504d73da870_youtube.svg]
[uploads-ssl.webflow.com/6283c236475ca51c143da7f1/6283c236475ca55c773da84d_noquarter-bg.svg]
[d3e54v103j8qbb.cloudfront.net/img/background-image.svg]
[uploads-ssl.webflow.com/6283c236475ca51c143da7f1/6283c236475ca5dcdf3da83a_circular-lightning.svg]
[www.hunteryeany.com/blog/wilhelmina-represent-hunter-yeany]
[www.hunteryeany.com/sponsors/sean-matson]
[www.hunteryeany.com/blog/hunter-yeany-returns-to-fiaf3-championship-at-monza]
[www.hunteryeany.com/blog/hunter-yeany-ambition-is-forever.html]
[www.hunteryeany.com/blog/wilhelmina-represent-hunter-yeany]
[www.hunteryeany.com/terms]
[www.hunteryeany.com/sponsors/dan-mitchell]
[www.hunteryeany.com/sponsors/gary-catt-and-harry-soden.html]
[www.hunteryeany.com/sponsors/sean-matson]
[www.hunteryeany.com/sponsors/steve-burnett]
[www.hunteryeany.com/sponsors/alex-ollie-oliver]
[www.hunteryeany.com/sponsors/sean-evan-evangelista]
